[2025-06-26 03:37:26] [INFO] Starting OnlineMall deployment, version: 1.0.0
[2025-06-26 03:37:26] [INFO] Building backend project...
[2025-06-26 03:37:33] [INFO] Building frontend project...
[2025-06-26 03:38:23] [INFO] Building Docker images...
[2025-06-26 03:39:39] [INFO] Docker images built successfully
[2025-06-26 03:39:39] [INFO] Pulling MySQL and Redis images from Docker Hub...
[2025-06-26 03:39:40] [INFO] Saving Docker images to files...
[2025-06-26 03:39:53] [INFO] Images saved successfully
[2025-06-26 03:39:53] [INFO] Preparing server environment...
[2025-06-26 03:39:53] [INFO] Running SSH command: [MASKED COMMAND]
[2025-06-26 03:39:58] [INFO] Transferring backend image... (this may take a while)
[2025-06-26 03:39:58] [INFO] Copying onlinemall-backend-1.0.0.tar to /root/deploy/
[2025-06-26 03:40:26] [INFO] Transferring frontend image... (this may take a while)
[2025-06-26 03:40:26] [INFO] Copying onlinemall-frontend-1.0.0.tar to /root/deploy/
[2025-06-26 03:40:54] [INFO] Transferring MySQL image... (this may take a while)
[2025-06-26 03:40:54] [INFO] Copying mysql-8.4.5.tar to /root/deploy/
[2025-06-26 03:41:34] [INFO] Transferring Redis image... (this may take a while)
[2025-06-26 03:41:34] [INFO] Copying redis-8.0.1.tar to /root/deploy/
[2025-06-26 03:43:18] [INFO] Transferring avatar and file directories... (this may take a while)
[2025-06-26 03:43:18] [INFO] Copying ./OnlineMall-backend/avatar/* to /root/OnlineMall-backend/avatar/
[2025-06-26 03:43:22] [INFO] Copying ./OnlineMall-backend/file/* to /root/OnlineMall-backend/file/
[2025-06-26 03:43:27] [INFO] Transferring configuration files...
[2025-06-26 03:43:27] [INFO] Copying C:\Users\32054\AppData\Local\Temp\f2ff34bb-2a12-4873-804d-fe9de4817138\docker-compose.yml to /root/
[2025-06-26 03:43:34] [INFO] Copying ./OnlineMall-backend/sql/DB_OnlineMall.sql to /root/OnlineMall-backend/sql/
[2025-06-26 03:43:37] [INFO] Creating deployment script...
[2025-06-26 03:43:37] [INFO] Uploading deployment script...
[2025-06-26 03:43:37] [INFO] Copying C:\Users\32054\AppData\Local\Temp\f2ff34bb-2a12-4873-804d-fe9de4817138\deploy_script.sh to /root/deploy_script.sh
[2025-06-26 03:43:39] [INFO] Executing deployment script on server...
[2025-06-26 03:43:39] [INFO] Running SSH command: [MASKED COMMAND]
[2025-06-26 03:44:15] [INFO] Deployment completed successfully!
[2025-06-26 03:44:15] [INFO] Frontend access URL: http://8.153.84.186
[2025-06-26 03:44:15] [INFO] Backend access URL: http://
